app/build/intermediates/manifest_merge_blame_file/debug/manifest-merger-blame-debug-report.txt
1<?xml version="1.0" encoding="utf-8"?>
2<manifest xmlns:android="http://schemas.android.com/apk/res/android"
3    package="com.inzi.wordtranslator"
4    android:versionCode="1"
5    android:versionName="1.0" >
6
7    <uses-sdk
8        android:minSdkVersion="23"
8-->src/main/AndroidManifest.xml
9        android:targetSdkVersion="30" />
9-->src/main/AndroidManifest.xml
10
11    <queries>
11-->src/main/AndroidManifest.xml:5:5-9:15
12        <intent>
12-->src/main/AndroidManifest.xml:6:9-8:18
13            <action android:name="android.media.action.IMAGE_CAPTURE" />
13-->src/main/AndroidManifest.xml:7:13-73
13-->src/main/AndroidManifest.xml:7:21-70
14        </intent>
15    </queries>
16
17    <!-- Although the *SdkVersion is captured in gradle build files, this is required for non gradle builds -->
18    <!-- <uses-sdk android:minSdkVersion="14" /> -->
19    <uses-permission android:name="android.permission.ACCESS_NETWORK_STATE" />
19-->[com.google.firebase:firebase-firestore:24.0.1] AndroidManifest.xml:13:5-79
19-->[com.google.firebase:firebase-firestore:24.0.1] AndroidManifest.xml:13:22-76
20    <uses-permission android:name="android.permission.INTERNET" />
20-->[com.google.firebase:firebase-firestore:24.0.1] AndroidManifest.xml:14:5-67
20-->[com.google.firebase:firebase-firestore:24.0.1] AndroidManifest.xml:14:22-64
21    <uses-permission android:name="android.permission.WRITE_EXTERNAL_STORAGE" />
22    <uses-permission android:name="android.permission.READ_PHONE_STATE" />
23    <uses-permission android:name="android.permission.READ_EXTERNAL_STORAGE" />
24
25    <application
25-->src/main/AndroidManifest.xml:11:5-37:19
26        android:allowBackup="true"
26-->src/main/AndroidManifest.xml:12:9-35
27        android:appComponentFactory="androidx.core.app.CoreComponentFactory"
27-->[androidx.core:core:1.6.0] AndroidManifest.xml:24:18-86
28        android:debuggable="true"
29        android:extractNativeLibs="false"
30        android:fullBackupOnly="true"
30-->src/main/AndroidManifest.xml:13:9-38
31        android:icon="@mipmap/ic_launcher"
31-->src/main/AndroidManifest.xml:14:9-43
32        android:label="@string/app_name"
32-->src/main/AndroidManifest.xml:15:9-41
33        android:roundIcon="@mipmap/ic_launcher_round"
33-->src/main/AndroidManifest.xml:16:9-54
34        android:supportsRtl="true"
34-->src/main/AndroidManifest.xml:17:9-35
35        android:testOnly="true"
36        android:theme="@style/Theme.ObjectDetection" >
36-->src/main/AndroidManifest.xml:18:9-53
37        <activity
37-->src/main/AndroidManifest.xml:19:9-26:20
38            android:name="com.inzi.wordtranslator.MainActivity"
38-->src/main/AndroidManifest.xml:19:19-47
39            android:exported="true" >
39-->src/main/AndroidManifest.xml:20:13-36
40            <intent-filter>
40-->src/main/AndroidManifest.xml:21:13-25:29
41                <action android:name="android.intent.action.MAIN" />
41-->src/main/AndroidManifest.xml:22:17-69
41-->src/main/AndroidManifest.xml:22:25-66
42
43                <category android:name="android.intent.category.LAUNCHER" />
43-->src/main/AndroidManifest.xml:24:17-77
43-->src/main/AndroidManifest.xml:24:27-74
44            </intent-filter>
45        </activity>
46
47        <provider
47-->src/main/AndroidManifest.xml:28:9-36:20
48            android:name="androidx.core.content.FileProvider"
48-->src/main/AndroidManifest.xml:29:13-62
49            android:authorities="com.inzi.wordtranslator.fileprovider"
49-->src/main/AndroidManifest.xml:30:13-71
50            android:exported="false"
50-->src/main/AndroidManifest.xml:31:13-37
51            android:grantUriPermissions="true" >
51-->src/main/AndroidManifest.xml:32:13-47
52            <meta-data
52-->src/main/AndroidManifest.xml:33:13-35:54
53                android:name="android.support.FILE_PROVIDER_PATHS"
53-->src/main/AndroidManifest.xml:34:17-67
54                android:resource="@xml/file_paths" />
54-->src/main/AndroidManifest.xml:35:17-51
55        </provider>
56
57        <service
57-->[com.google.firebase:firebase-firestore-ktx:23.0.3] AndroidManifest.xml:12:9-18:19
58            android:name="com.google.firebase.components.ComponentDiscoveryService"
58-->[com.google.firebase:firebase-firestore-ktx:23.0.3] AndroidManifest.xml:13:13-84
59            android:directBootAware="true"
59-->[com.google.firebase:firebase-common:20.0.0] AndroidManifest.xml:35:13-43
60            android:exported="false" >
60-->[com.google.firebase:firebase-firestore-ktx:23.0.3] AndroidManifest.xml:14:13-37
61            <meta-data
61-->[com.google.firebase:firebase-firestore-ktx:23.0.3] AndroidManifest.xml:15:13-17:85
62                android:name="com.google.firebase.components:com.google.firebase.firestore.ktx.FirebaseFirestoreKtxRegistrar"
62-->[com.google.firebase:firebase-firestore-ktx:23.0.3] AndroidManifest.xml:16:17-126
63                android:value="com.google.firebase.components.ComponentRegistrar" />
63-->[com.google.firebase:firebase-firestore-ktx:23.0.3] AndroidManifest.xml:17:17-82
64            <meta-data
64-->[com.google.firebase:firebase-common-ktx:20.0.0] AndroidManifest.xml:15:13-17:85
65                android:name="com.google.firebase.components:com.google.firebase.ktx.FirebaseCommonKtxRegistrar"
65-->[com.google.firebase:firebase-common-ktx:20.0.0] AndroidManifest.xml:16:17-113
66                android:value="com.google.firebase.components.ComponentRegistrar" />
66-->[com.google.firebase:firebase-common-ktx:20.0.0] AndroidManifest.xml:17:17-82
67            <meta-data
67-->[com.google.firebase:firebase-firestore:24.0.1] AndroidManifest.xml:20:13-22:85
68                android:name="com.google.firebase.components:com.google.firebase.firestore.FirestoreRegistrar"
68-->[com.google.firebase:firebase-firestore:24.0.1] AndroidManifest.xml:21:17-111
69                android:value="com.google.firebase.components.ComponentRegistrar" />
69-->[com.google.firebase:firebase-firestore:24.0.1] AndroidManifest.xml:22:17-82
70        </service>
71
72        <provider
72-->[com.google.firebase:firebase-common:20.0.0] AndroidManifest.xml:26:9-31:39
73            android:name="com.google.firebase.provider.FirebaseInitProvider"
73-->[com.google.firebase:firebase-common:20.0.0] AndroidManifest.xml:27:13-77
74            android:authorities="com.inzi.wordtranslator.firebaseinitprovider"
74-->[com.google.firebase:firebase-common:20.0.0] AndroidManifest.xml:28:13-72
75            android:directBootAware="true"
75-->[com.google.firebase:firebase-common:20.0.0] AndroidManifest.xml:29:13-43
76            android:exported="false"
76-->[com.google.firebase:firebase-common:20.0.0] AndroidManifest.xml:30:13-37
77            android:initOrder="100" />
77-->[com.google.firebase:firebase-common:20.0.0] AndroidManifest.xml:31:13-36
78
79        <activity
79-->[com.google.android.gms:play-services-base:17.1.0] AndroidManifest.xml:23:9-26:75
80            android:name="com.google.android.gms.common.api.GoogleApiActivity"
80-->[com.google.android.gms:play-services-base:17.1.0] AndroidManifest.xml:24:13-79
81            android:exported="false"
81-->[com.google.android.gms:play-services-base:17.1.0] AndroidManifest.xml:25:13-37
82            android:theme="@android:style/Theme.Translucent.NoTitleBar" />
82-->[com.google.android.gms:play-services-base:17.1.0] AndroidManifest.xml:26:13-72
83
84        <meta-data
84-->[com.google.android.gms:play-services-basement:17.0.0] AndroidManifest.xml:23:9-25:69
85            android:name="com.google.android.gms.version"
85-->[com.google.android.gms:play-services-basement:17.0.0] AndroidManifest.xml:24:13-58
86            android:value="@integer/google_play_services_version" />
86-->[com.google.android.gms:play-services-basement:17.0.0] AndroidManifest.xml:25:13-66
87    </application>
88
89</manifest>